<?xml version="1.0" encoding="UTF-8"?>
<testng-results skipped="0" failed="0" ignored="2" total="3" passed="1">
  <reporter-output>
  </reporter-output>
  <suite name="Default suite" duration-ms="31488" started-at="2019-11-20T14:16:11Z" finished-at="2019-11-20T14:16:43Z">
    <groups>
    </groups>
    <test name="Default test" duration-ms="31488" started-at="2019-11-20T14:16:11Z" finished-at="2019-11-20T14:16:43Z">
      <class name="com.training.sanity.tests.Elearning">
        <test-method status="PASS" signature="setUpBeforeClass()[pri:0, instance:com.training.sanity.tests.Elearning@5c7fa833]" name="setUpBeforeClass" is-config="true" duration-ms="13" started-at="2019-11-20T19:46:11Z" finished-at="2019-11-20T19:46:11Z">
          <reporter-output>
          </reporter-output>
        </test-method> <!-- setUpBeforeClass -->
        <test-method status="PASS" signature="setUp()[pri:0, instance:com.training.sanity.tests.Elearning@5c7fa833]" name="setUp" is-config="true" duration-ms="21861" started-at="2019-11-20T19:46:11Z" finished-at="2019-11-20T19:46:33Z">
          <reporter-output>
          </reporter-output>
        </test-method> <!-- setUp -->
        <test-method status="PASS" signature="clicksignUp()[pri:0, instance:com.training.sanity.tests.Elearning@5c7fa833]" name="clicksignUp" duration-ms="7605" started-at="2019-11-20T19:46:33Z" finished-at="2019-11-20T19:46:41Z">
          <reporter-output>
          </reporter-output>
        </test-method> <!-- clicksignUp -->
        <test-method status="PASS" signature="tearDown()[pri:0, instance:com.training.sanity.tests.Elearning@5c7fa833]" name="tearDown" is-config="true" duration-ms="1980" started-at="2019-11-20T19:46:41Z" finished-at="2019-11-20T19:46:43Z">
          <reporter-output>
          </reporter-output>
        </test-method> <!-- tearDown -->
      </class> <!-- com.training.sanity.tests.Elearning -->
    </test> <!-- Default test -->
  </suite> <!-- Default suite -->
</testng-results>
