<?xml version="1.0" encoding="UTF-8"?>
<!-- Generated by org.testng.reporters.JUnitXMLReporter -->
<testsuite hostname="DESKTOP-1BHUSOJ" ignored="2" name="Default test" tests="1" failures="0" timestamp="20 Nov 2019 14:16:43 GMT" time="31.488" errors="0">
  <testcase name="clicksignUp" time="7.605" classname="com.training.sanity.tests.Elearning"/>
  <testcase name="validLoginTest" time="0.0" classname="com.training.sanity.tests.Elearning">
    <ignored/>
  </testcase> <!-- validLoginTest -->
  <testcase name="lostPasswordLink" time="0.0" classname="com.training.sanity.tests.Elearning">
    <ignored/>
  </testcase> <!-- lostPasswordLink -->
</testsuite> <!-- Default test -->
